<?xml version="1.0" encoding="UTF-8"?>
<!-- Generated by org.testng.reporters.JUnitXMLReporter -->
<testsuite hostname="Syed" failures="0" tests="9" name="Regression" time="0.314" errors="0" timestamp="12 Mar 2020 05:43:25 GMT">
  <testcase classname="test.Day1" name="Demo" time="0.042"/>
  <testcase classname="test.Day1" name="SecondTest" time="0.019"/>
  <testcase classname="test.Day2" name="ploan" time="0.007"/>
  <testcase classname="test.Day3" name="LoginAPICarloan" time="0.009"/>
  <testcase classname="test.Day3" name="MobileLoginCarloan" time="0.01"/>
  <testcase classname="test.Day3" name="WebloginCarloan" time="0.008"/>
  <testcase classname="test.Day4" name="LoginAPIHomeloan" time="0.009"/>
  <testcase classname="test.Day4" name="MobileLoginHomeloan" time="0.012"/>
  <testcase classname="test.Day4" name="WebloginHomeloan" time="0.006"/>
</testsuite> <!-- Regression -->
