<?xml version="1.0" encoding="UTF-8"?>
<testng-results total="1" passed="1" failed="0" skipped="0">
  <reporter-output>
  </reporter-output>
  <suite started-at="2020-03-18T21:14:20Z" name="Default suite" finished-at="2020-03-18T21:14:38Z" duration-ms="17946">
    <groups>
    </groups>
    <test started-at="2020-03-18T21:14:20Z" name="Default test" finished-at="2020-03-18T21:14:38Z" duration-ms="17946">
      <class name="validationcode.VerifyWordpressLogin">
        <test-method signature="VerifyValidLogin()[pri:0, instance:validationcode.VerifyWordpressLogin@105fece7]" started-at="2020-03-19T02:44:20Z" name="VerifyValidLogin" finished-at="2020-03-19T02:44:38Z" duration-ms="17869" status="PASS">
          <reporter-output>
          </reporter-output>
        </test-method> <!-- VerifyValidLogin -->
      </class> <!-- validationcode.VerifyWordpressLogin -->
    </test> <!-- Default test -->
  </suite> <!-- Default suite -->
</testng-results>
